update new status:
update new status:
update new status:
update new status:
update new status:
update new status:
update new status:
update new status:
update new status:
update new status:
update new status:
update new status:
update new status:
update new status:
update new status:
update new status:
update new status:
update new status:
update new status:
update new status:
update new status:
update new status:
update new status:
update new status:
update new status:
update new status:
update new status:
update new status:
update new status:
update new status:
update new status:
update new status:
update new status:
update new status:
update new status:
update new status:
update new status:
update new status:
update new status:
judging.contest:1,user:2013101059,runid:1,queue.size:0

[ { n: 1, nModified: 1, ok: 1 }, { n: 1, nModified: 1, ok: 1 } ]
judging.contest:3,user:2016101150,runid:1,queue.size:0

[ { n: 1, nModified: 1, ok: 1 }, undefined ]
[ undefined ]
update new status:
update new status:
